<?xml version="1.0" encoding="UTF-8"?>
<testsuite name="agh.ics.oop.IntegrationTest" tests="1" skipped="0" failures="0" errors="0" timestamp="2022-12-06T16:51:55" hostname="LAPTOP-L5A8R64V" time="0.046">
  <properties/>
  <testcase name="shouldCorrectlyInterpretStringArray()" classname="agh.ics.oop.IntegrationTest" time="0.046"/>
  <system-out><![CDATA[]]></system-out>
  <system-err><![CDATA[]]></system-err>
</testsuite>
